[debug] [2023-08-15T17:40:42.948Z] ----------------------------------------------------------------------
[debug] [2023-08-15T17:40:42.950Z] Command:       C:\Program Files\nodejs\node.exe C:\Users\Admin\AppData\Roaming\npm\node_modules\firebase-tools\lib\bin\firebase.js init
[debug] [2023-08-15T17:40:42.951Z] CLI Version:   12.4.7
[debug] [2023-08-15T17:40:42.951Z] Platform:      win32
[debug] [2023-08-15T17:40:42.952Z] Node Version:  v18.12.1
[debug] [2023-08-15T17:40:42.953Z] Time:          Tue Aug 15 2023 23:10:42 GMT+0530 (India Standard Time)
[debug] [2023-08-15T17:40:42.953Z] ----------------------------------------------------------------------
[debug] 
[debug] [2023-08-15T17:40:43.100Z] > command requires scopes: ["email","openid","https://www.googleapis.com/auth/cloudplatformprojects.readonly","https://www.googleapis.com/auth/firebase","https://www.googleapis.com/auth/cloud-platform"]
[debug] [2023-08-15T17:40:43.101Z] > authorizing via signed-in user (umeshsaravanan2003@gmail.com)
[info] 
     ######## #### ########  ######## ########     ###     ######  ########
     ##        ##  ##     ## ##       ##     ##  ##   ##  ##       ##
     ######    ##  ########  ######   ########  #########  ######  ######
     ##        ##  ##    ##  ##       ##     ## ##     ##       ## ##
     ##       #### ##     ## ######## ########  ##     ##  ######  ########

You're about to initialize a Firebase project in this directory:

  D:\REACT JS\to_do_list

Before we get started, keep in mind:

  * You are initializing within an existing Firebase project directory

[info] 
=== Project Setup
[info] 
[info] First, let's associate this project directory with a Firebase project.
[info] You can create multiple project aliases by running firebase use --add, 
[info] but for now we'll just set up a default project.
[info] 
[debug] [2023-08-15T17:40:49.881Z] Using project from CLI flag: todo-list-853a5
[debug] [2023-08-15T17:40:49.884Z] >>> [apiv2][query] GET https://firebase.googleapis.com/v1beta1/projects/todo-list-853a5 [none]
[debug] [2023-08-15T17:40:50.692Z] <<< [apiv2][status] GET https://firebase.googleapis.com/v1beta1/projects/todo-list-853a5 403
[debug] [2023-08-15T17:40:50.692Z] <<< [apiv2][body] GET https://firebase.googleapis.com/v1beta1/projects/todo-list-853a5 {"error":{"code":403,"message":"The caller does not have permission","status":"PERMISSION_DENIED"}}
[debug] [2023-08-15T17:40:50.693Z] HTTP Error: 403, The caller does not have permission
[debug] [2023-08-15T17:40:51.091Z] FirebaseError: HTTP Error: 403, The caller does not have permission
    at responseToError (C:\Users\Admin\AppData\Roaming\npm\node_modules\firebase-tools\lib\responseToError.js:49:12)
    at RetryOperation._fn (C:\Users\Admin\AppData\Roaming\npm\node_modules\firebase-tools\lib\apiv2.js:285:77)
    at process.processTicksAndRejections (node:internal/process/task_queues:95:5)
[error] 
[error] Error: Failed to get Firebase project todo-list-853a5. Please make sure the project exists and your account has permission to access it.
